<?xml version="1.0" encoding="UTF-8"?>
<!-- Generated by org.testng.reporters.JUnitReportReporter -->
<testsuite hostname="DESKTOP-D5B98IR" failures="0" tests="4" name="site3.claude.SwagLabsLoginTestCodeHtml" time="8.548" errors="0" timestamp="2025-02-19T16:33:02 BRT" skipped="0">
  <testcase classname="site3.claude.SwagLabsLoginTestCodeHtml" name="testSuccessfulLogin" time="6.808"/>
  <testcase classname="site3.claude.SwagLabsLoginTestCodeHtml" name="testLoginFailure" time="0.805"/>
  <testcase classname="site3.claude.SwagLabsLoginTestCodeHtml" name="testLockedOutUser" time="0.559"/>
  <testcase classname="site3.claude.SwagLabsLoginTestCodeHtml" name="testPageStructure" time="0.376"/>
</testsuite> <!-- site3.claude.SwagLabsLoginTestCodeHtml -->
